2018-10-15 21:03:02,123 INFO Main initializing …
2018-10-15 21:03:02,492 INFO Connection 'BeagleboneGreenWirelessConnection' loaded
2018-10-15 21:03:02,499 INFO Board 'Beaglebone Green Wireless' loaded
2018-10-15 21:03:02,500 INFO Main initialized
2018-10-15 21:03:08,050 INFO Data streaming has been stopped
2018-10-15 21:03:08,552 INFO Connection 'Mocked Connection' loaded
2018-10-15 21:03:08,580 INFO Board 'Mocked Board' loaded
2018-10-15 21:03:10,454 INFO Successfully connected to Mocked Board via Mocked Connection
2018-10-15 21:03:10,562 INFO Register Device: Mocked Device 01 (rand 0-1)
2018-10-15 21:03:10,565 INFO Register Device: Mocked Device 02 (rand 0-100)
2018-10-15 21:03:10,566 INFO Register Device: Mocked Device 03 (rand 0-1 x3)
2018-10-15 21:03:10,569 INFO Register Device: Mocked Device 04 (const)
2018-10-15 21:03:10,571 INFO Register Device: Mocked Device 05 (lin 0-10)
2018-10-15 21:03:10,572 INFO Register Device: Mocked Device 06 (rect 1,0)
2018-10-15 21:03:10,573 INFO Register Device: Mocked Device 07 (tri 0-1)
2018-10-15 21:03:10,574 INFO Register Device: Mocked Device 08 (exp 0-1)
2018-10-15 21:03:10,575 INFO Register Device: Mocked Device 09 (sin 0,±1)
2018-10-15 21:03:10,576 INFO Register Device: Mocked Device 10 (all)
2018-10-15 21:03:10,577 INFO Register Device: Mocked Device 11
2018-10-15 21:03:10,578 INFO Register Device: Mocked Device 12
2018-10-15 21:03:22,365 INFO Stream data to port '12346'
2018-10-15 21:13:11,898 INFO Data streaming has been stopped
2018-10-15 21:14:21,087 INFO Terminate existing connection before reconnecting
2018-10-15 21:14:21,087 INFO Data streaming has been stopped
2018-10-15 21:14:21,088 INFO Successfully connected to Mocked Board via Mocked Connection
2018-10-15 21:14:21,273 INFO Register Device: Mocked Device 01 (rand 0-1)
2018-10-15 21:14:21,275 INFO Register Device: Mocked Device 02 (rand 0-100)
2018-10-15 21:14:21,276 INFO Register Device: Mocked Device 03 (rand 0-1 x3)
2018-10-15 21:14:21,278 INFO Register Device: Mocked Device 04 (const)
2018-10-15 21:14:21,280 INFO Register Device: Mocked Device 05 (lin 0-10)
2018-10-15 21:14:21,282 INFO Register Device: Mocked Device 06 (rect 1,0)
2018-10-15 21:14:21,283 INFO Register Device: Mocked Device 07 (tri 0-1)
2018-10-15 21:14:21,283 INFO Register Device: Mocked Device 08 (exp 0-1)
2018-10-15 21:14:21,284 INFO Register Device: Mocked Device 09 (sin 0,±1)
2018-10-15 21:14:21,285 INFO Register Device: Mocked Device 10 (all)
2018-10-15 21:14:21,286 INFO Register Device: Mocked Device 11
2018-10-15 21:14:21,287 INFO Register Device: Mocked Device 12
